{"name": "HAHDHASDHASD", "status": "failed", "statusDetails": {"message": "selene.core.exceptions.TimeoutException: Message: \n\nTimed out after 4s, while waiting for:\nbrowser.element(('link text', 'Issusadses')).click\n\nReason: NoSuchElementException: no such element: Unable to locate element: {\"method\":\"link text\",\"selector\":\"Issusadses\"}\n  (Session info: chrome=125.0.6422.142); For documentation on this error, please visit: https://www.selenium.dev/documentation/webdriver/troubleshooting/errors#no-such-element-exception\nScreenshot: file:///Users/igor/.selene/screenshots/1717680035941/1717680035941.png\nPageSource: file:///Users/igor/.selene/screenshots/1717680035941/1717680035941.html", "trace": "fn = <selene.core.wait.Command object at 0x10bb06110>\n\n    def logic(fn: Callable[[E], R]) -> R:\n        finish_time = time.time() + self._timeout\n    \n        while True:\n            try:\n>               return fn(self.entity)\n\nenv/bin/lib/python3.11/site-packages/selene/core/wait.py:119: \n_ _ _ _ _ _ _ _ _ _ _ _ _ _ _ _ _ _ _ _ _ _ _ _ _ _ _ _ _ _ _ _ _ _ _ _ _ _ _ _ _ _ _ _ _ _ _ _ _ _ _ _ _ _ _ _ _ _ _ _ _ _ _ _ _ _ _ _ _ _ _ _ _ _ _ _ _ _ _ _ _ _ _ _ _ _ _ _ _ _ _ _ _ _ _ _ _ _ _ _\nenv/bin/lib/python3.11/site-packages/selene/core/wait.py:61: in __call__\n    return self._fn(entity)\nenv/bin/lib/python3.11/site-packages/selene/core/entity.py:525: in raw_click\n    element.locate().click()\nenv/bin/lib/python3.11/site-packages/selene/core/entity.py:185: in locate\n    return self._locator()\nenv/bin/lib/python3.11/site-packages/selene/core/locator.py:34: in __call__\n    return self._locate()\nenv/bin/lib/python3.11/site-packages/selene/core/_browser.py:71: in <lambda>\n    Locator(f'{self}.element({by})', lambda: self.driver.find_element(*by)),\nenv/bin/lib/python3.11/site-packages/selenium/webdriver/remote/webdriver.py:741: in find_element\n    return self.execute(Command.FIND_ELEMENT, {\"using\": by, \"value\": value})[\"value\"]\nenv/bin/lib/python3.11/site-packages/selenium/webdriver/remote/webdriver.py:347: in execute\n    self.error_handler.check_response(response)\n_ _ _ _ _ _ _ _ _ _ _ _ _ _ _ _ _ _ _ _ _ _ _ _ _ _ _ _ _ _ _ _ _ _ _ _ _ _ _ _ _ _ _ _ _ _ _ _ _ _ _ _ _ _ _ _ _ _ _ _ _ _ _ _ _ _ _ _ _ _ _ _ _ _ _ _ _ _ _ _ _ _ _ _ _ _ _ _ _ _ _ _ _ _ _ _ _ _ _ _\n\nself = <selenium.webdriver.remote.errorhandler.ErrorHandler object at 0x10b2f78d0>\nresponse = {'status': 404, 'value': '{\"value\":{\"error\":\"no such element\",\"message\":\"no such element: Unable to locate element: {\\...ff816f404e1 _pthread_start + 125\\\\n20  libsystem_pthread.dylib             0x00007ff816f3bf6b thread_start + 15\\\\n\"}}'}\n\n    def check_response(self, response: Dict[str, Any]) -> None:\n        \"\"\"Checks that a JSON response from the WebDriver does not have an\n        error.\n    \n        :Args:\n         - response - The JSON response from the WebDriver server as a dictionary\n           object.\n    \n        :Raises: If the response contains an error message.\n        \"\"\"\n        status = response.get(\"status\", None)\n        if not status or status == ErrorCode.SUCCESS:\n            return\n        value = None\n        message = response.get(\"message\", \"\")\n        screen: str = response.get(\"screen\", \"\")\n        stacktrace = None\n        if isinstance(status, int):\n            value_json = response.get(\"value\", None)\n            if value_json and isinstance(value_json, str):\n                import json\n    \n                try:\n                    value = json.loads(value_json)\n                    if len(value) == 1:\n                        value = value[\"value\"]\n                    status = value.get(\"error\", None)\n                    if not status:\n                        status = value.get(\"status\", ErrorCode.UNKNOWN_ERROR)\n                        message = value.get(\"value\") or value.get(\"message\")\n                        if not isinstance(message, str):\n                            value = message\n                            message = message.get(\"message\")\n                    else:\n                        message = value.get(\"message\", None)\n                except ValueError:\n                    pass\n    \n        exception_class: Type[WebDriverException]\n        e = ErrorCode()\n        error_codes = [item for item in dir(e) if not item.startswith(\"__\")]\n        for error_code in error_codes:\n            error_info = getattr(ErrorCode, error_code)\n            if isinstance(error_info, list) and status in error_info:\n                exception_class = getattr(ExceptionMapping, error_code, WebDriverException)\n                break\n        else:\n            exception_class = WebDriverException\n    \n        if not value:\n            value = response[\"value\"]\n        if isinstance(value, str):\n            raise exception_class(value)\n        if message == \"\" and \"message\" in value:\n            message = value[\"message\"]\n    \n        screen = None  # type: ignore[assignment]\n        if \"screen\" in value:\n            screen = value[\"screen\"]\n    \n        stacktrace = None\n        st_value = value.get(\"stackTrace\") or value.get(\"stacktrace\")\n        if st_value:\n            if isinstance(st_value, str):\n                stacktrace = st_value.split(\"\\n\")\n            else:\n                stacktrace = []\n                try:\n                    for frame in st_value:\n                        line = frame.get(\"lineNumber\", \"\")\n                        file = frame.get(\"fileName\", \"<anonymous>\")\n                        if line:\n                            file = f\"{file}:{line}\"\n                        meth = frame.get(\"methodName\", \"<anonymous>\")\n                        if \"className\" in frame:\n                            meth = f\"{frame['className']}.{meth}\"\n                        msg = \"    at %s (%s)\"\n                        msg = msg % (meth, file)\n                        stacktrace.append(msg)\n                except TypeError:\n                    pass\n        if exception_class == UnexpectedAlertPresentException:\n            alert_text = None\n            if \"data\" in value:\n                alert_text = value[\"data\"].get(\"text\")\n            elif \"alert\" in value:\n                alert_text = value[\"alert\"].get(\"text\")\n            raise exception_class(message, screen, stacktrace, alert_text)  # type: ignore[call-arg]  # mypy is not smart enough here\n>       raise exception_class(message, screen, stacktrace)\nE       selenium.common.exceptions.NoSuchElementException: Message: no such element: Unable to locate element: {\"method\":\"link text\",\"selector\":\"Issusadses\"}\nE         (Session info: chrome=125.0.6422.142); For documentation on this error, please visit: https://www.selenium.dev/documentation/webdriver/troubleshooting/errors#no-such-element-exception\nE       Stacktrace:\nE       0   chromedriver                        0x000000010dd206b8 chromedriver + 6149816\nE       1   chromedriver                        0x000000010dd17cda chromedriver + 6114522\nE       2   chromedriver                        0x000000010d7a4d5c chromedriver + 400732\nE       3   chromedriver                        0x000000010d7f1aa5 chromedriver + 715429\nE       4   chromedriver                        0x000000010d7f1bf1 chromedriver + 715761\nE       5   chromedriver                        0x000000010d836dd4 chromedriver + 998868\nE       6   chromedriver                        0x000000010d814cdd chromedriver + 859357\nE       7   chromedriver                        0x000000010d8340db chromedriver + 987355\nE       8   chromedriver                        0x000000010d814a53 chromedriver + 858707\nE       9   chromedriver                        0x000000010d7e46d5 chromedriver + 661205\nE       10  chromedriver                        0x000000010d7e4f6e chromedriver + 663406\nE       11  chromedriver                        0x000000010dce1cf0 chromedriver + 5893360\nE       12  chromedriver                        0x000000010dce74bc chromedriver + 5915836\nE       13  chromedriver                        0x000000010dcc38b4 chromedriver + 5769396\nE       14  chromedriver                        0x000000010dce7f89 chromedriver + 5918601\nE       15  chromedriver                        0x000000010dcb4ec4 chromedriver + 5709508\nE       16  chromedriver                        0x000000010dd08008 chromedriver + 6049800\nE       17  chromedriver                        0x000000010dd081c7 chromedriver + 6050247\nE       18  chromedriver                        0x000000010dd1788e chromedriver + 6113422\nE       19  libsystem_pthread.dylib             0x00007ff816f404e1 _pthread_start + 125\nE       20  libsystem_pthread.dylib             0x00007ff816f3bf6b thread_start + 15\n\nenv/bin/lib/python3.11/site-packages/selenium/webdriver/remote/errorhandler.py:229: NoSuchElementException\n\nDuring handling of the above exception, another exception occurred:\n\n    @allure.step('sadasdas')\n    @allure.story('sadasdasdas')\n    @allure.title('HAHDHASDHASD')\n    def test_github_issue():\n    \n        with allure.step('open github page'):\n            browser.open('https://github.com/')\n    \n        with allure.step('click on input field'):\n            browser.element('[data-target=\"qbsearch-input.inputButton\"]').click()\n    \n        with allure.step('type eroshenko am'):\n            browser.element('#query-builder-test').type('eroshenkoam/allure-examples').press_enter()\n    \n        with allure.step('click issues'):\n>           browser.element(by.link_text('Issusadses')).click()\n\ntests/test_github.py:20: \n_ _ _ _ _ _ _ _ _ _ _ _ _ _ _ _ _ _ _ _ _ _ _ _ _ _ _ _ _ _ _ _ _ _ _ _ _ _ _ _ _ _ _ _ _ _ _ _ _ _ _ _ _ _ _ _ _ _ _ _ _ _ _ _ _ _ _ _ _ _ _ _ _ _ _ _ _ _ _ _ _ _ _ _ _ _ _ _ _ _ _ _ _ _ _ _ _ _ _ _\nenv/bin/lib/python3.11/site-packages/selene/core/entity.py:540: in click\n    self.wait.for_(\nenv/bin/lib/python3.11/site-packages/selene/core/wait.py:150: in for_\n    return self._decorator(self)(logic)(fn)\n_ _ _ _ _ _ _ _ _ _ _ _ _ _ _ _ _ _ _ _ _ _ _ _ _ _ _ _ _ _ _ _ _ _ _ _ _ _ _ _ _ _ _ _ _ _ _ _ _ _ _ _ _ _ _ _ _ _ _ _ _ _ _ _ _ _ _ _ _ _ _ _ _ _ _ _ _ _ _ _ _ _ _ _ _ _ _ _ _ _ _ _ _ _ _ _ _ _ _ _\n\nfn = <selene.core.wait.Command object at 0x10bb06110>\n\n    def logic(fn: Callable[[E], R]) -> R:\n        finish_time = time.time() + self._timeout\n    \n        while True:\n            try:\n                return fn(self.entity)\n            except Exception as reason:\n                if time.time() > finish_time:\n                    reason_string = '{name}: {message}'.format(\n                        name=reason.__class__.__name__,\n                        message=getattr(reason, \"msg\", str(reason)),\n                    )\n                    # TODO: think on how can we improve logging failures in selene, e.g. reverse msg and stacktrace\n                    # stacktrace = getattr(reason, 'stacktrace', None)\n                    # TODO: should we have an option to turn on stacktrace logging?\n                    timeout = self._timeout\n                    entity = self.entity\n    \n                    # if it's a normal function, it should have __qualname__,\n                    # then use it, otherwise use str(fn)\n                    fn_name = getattr(\n                        fn,\n                        '__qualname__',\n                        getattr(fn, '__str__', lambda: str(fn))(),\n                    )\n    \n                    failure = TimeoutException(\n                        f'\\n'\n                        f'\\nTimed out after {timeout}s, while waiting for:'\n                        f'\\n{entity}.{fn_name}'\n                        f'\\n'\n                        f'\\nReason: {reason_string}'\n                    )\n    \n>                   raise self._hook_failure(failure)\nE                   selene.core.exceptions.TimeoutException: Message: \nE                   \nE                   Timed out after 4s, while waiting for:\nE                   browser.element(('link text', 'Issusadses')).click\nE                   \nE                   Reason: NoSuchElementException: no such element: Unable to locate element: {\"method\":\"link text\",\"selector\":\"Issusadses\"}\nE                     (Session info: chrome=125.0.6422.142); For documentation on this error, please visit: https://www.selenium.dev/documentation/webdriver/troubleshooting/errors#no-such-element-exception\nE                   Screenshot: file:///Users/igor/.selene/screenshots/1717680035941/1717680035941.png\nE                   PageSource: file:///Users/igor/.selene/screenshots/1717680035941/1717680035941.html\n\nenv/bin/lib/python3.11/site-packages/selene/core/wait.py:148: TimeoutException"}, "steps": [{"name": "sadasdas", "status": "failed", "statusDetails": {"message": "selene.core.exceptions.TimeoutException: Message: \n\nTimed out after 4s, while waiting for:\nbrowser.element(('link text', 'Issusadses')).click\n\nReason: NoSuchElementException: no such element: Unable to locate element: {\"method\":\"link text\",\"selector\":\"Issusadses\"}\n  (Session info: chrome=125.0.6422.142); For documentation on this error, please visit: https://www.selenium.dev/documentation/webdriver/troubleshooting/errors#no-such-element-exception\nScreenshot: file:///Users/igor/.selene/screenshots/1717680035941/1717680035941.png\nPageSource: file:///Users/igor/.selene/screenshots/1717680035941/1717680035941.html\n\n", "trace": "  File \"/Users/igor/PycharmProjects/qagurulearning/env/bin/lib/python3.11/site-packages/allure_commons/_allure.py\", line 192, in impl\n    return func(*a, **kw)\n           ^^^^^^^^^^^^^^\n  File \"/Users/igor/PycharmProjects/qagurulearning/tests/test_github.py\", line 20, in test_github_issue\n    browser.element(by.link_text('Issusadses')).click()\n  File \"/Users/igor/PycharmProjects/qagurulearning/env/bin/lib/python3.11/site-packages/selene/core/entity.py\", line 540, in click\n    self.wait.for_(\n  File \"/Users/igor/PycharmProjects/qagurulearning/env/bin/lib/python3.11/site-packages/selene/core/wait.py\", line 150, in for_\n    return self._decorator(self)(logic)(fn)\n           ^^^^^^^^^^^^^^^^^^^^^^^^^^^^^^^^\n  File \"/Users/igor/PycharmProjects/qagurulearning/env/bin/lib/python3.11/site-packages/selene/core/wait.py\", line 148, in logic\n    raise self._hook_failure(failure)\n"}, "steps": [{"name": "open github page", "status": "passed", "start": 1717680035964, "stop": 1717680038951}, {"name": "click on input field", "status": "passed", "start": 1717680038951, "stop": 1717680039050}, {"name": "type eroshenko am", "status": "passed", "start": 1717680039051, "stop": 1717680039379}, {"name": "click issues", "status": "failed", "statusDetails": {"message": "selene.core.exceptions.TimeoutException: Message: \n\nTimed out after 4s, while waiting for:\nbrowser.element(('link text', 'Issusadses')).click\n\nReason: NoSuchElementException: no such element: Unable to locate element: {\"method\":\"link text\",\"selector\":\"Issusadses\"}\n  (Session info: chrome=125.0.6422.142); For documentation on this error, please visit: https://www.selenium.dev/documentation/webdriver/troubleshooting/errors#no-such-element-exception\nScreenshot: file:///Users/igor/.selene/screenshots/1717680035941/1717680035941.png\nPageSource: file:///Users/igor/.selene/screenshots/1717680035941/1717680035941.html\n\n", "trace": "  File \"/Users/igor/PycharmProjects/qagurulearning/tests/test_github.py\", line 20, in test_github_issue\n    browser.element(by.link_text('Issusadses')).click()\n  File \"/Users/igor/PycharmProjects/qagurulearning/env/bin/lib/python3.11/site-packages/selene/core/entity.py\", line 540, in click\n    self.wait.for_(\n  File \"/Users/igor/PycharmProjects/qagurulearning/env/bin/lib/python3.11/site-packages/selene/core/wait.py\", line 150, in for_\n    return self._decorator(self)(logic)(fn)\n           ^^^^^^^^^^^^^^^^^^^^^^^^^^^^^^^^\n  File \"/Users/igor/PycharmProjects/qagurulearning/env/bin/lib/python3.11/site-packages/selene/core/wait.py\", line 148, in logic\n    raise self._hook_failure(failure)\n"}, "start": 1717680039379, "stop": 1717680044020}], "start": 1717680035964, "stop": 1717680044029}], "start": 1717680035964, "stop": 1717680044031, "uuid": "5e146a62-f52e-45e6-97de-8f643ad43247", "historyId": "4983ec537d4d05a2ee8832164fa89231", "testCaseId": "4983ec537d4d05a2ee8832164fa89231", "fullName": "tests.test_github#test_github_issue", "labels": [{"name": "story", "value": "sadasdasdas"}, {"name": "parentSuite", "value": "tests"}, {"name": "suite", "value": "test_github"}, {"name": "host", "value": "MacBook-Pro-Igor.local"}, {"name": "thread", "value": "80633-MainThread"}, {"name": "framework", "value": "pytest"}, {"name": "language", "value": "cpython3"}, {"name": "package", "value": "tests.test_github"}]}